-------------------------------------------------------------------------------
Test set: pt.tecnico.staysafe.dgs.client.SnifferJoinIT
-------------------------------------------------------------------------------
Tests run: 6, Failures: 0, Errors: 6, Skipped: 0, Time elapsed: 0.012 s <<< FAILURE! - in pt.tecnico.staysafe.dgs.client.SnifferJoinIT
pt.tecnico.staysafe.dgs.client.SnifferJoinIT.addressNullTest  Time elapsed: 0.001 s  <<< ERROR!
java.lang.NullPointerException
	at pt.tecnico.staysafe.dgs.client.SnifferJoinIT.setUp(SnifferJoinIT.java:43)

pt.tecnico.staysafe.dgs.client.SnifferJoinIT.wrongAdressTest  Time elapsed: 0.001 s  <<< ERROR!
java.lang.NullPointerException
	at pt.tecnico.staysafe.dgs.client.SnifferJoinIT.setUp(SnifferJoinIT.java:43)

pt.tecnico.staysafe.dgs.client.SnifferJoinIT.nameBlankTest  Time elapsed: 0 s  <<< ERROR!
java.lang.NullPointerException
	at pt.tecnico.staysafe.dgs.client.SnifferJoinIT.setUp(SnifferJoinIT.java:43)

pt.tecnico.staysafe.dgs.client.SnifferJoinIT.snifferJoinOKTest  Time elapsed: 0.001 s  <<< ERROR!
java.lang.NullPointerException
	at pt.tecnico.staysafe.dgs.client.SnifferJoinIT.setUp(SnifferJoinIT.java:43)

pt.tecnico.staysafe.dgs.client.SnifferJoinIT.nameNotAlphaTest  Time elapsed: 0.001 s  <<< ERROR!
java.lang.NullPointerException
	at pt.tecnico.staysafe.dgs.client.SnifferJoinIT.setUp(SnifferJoinIT.java:43)

pt.tecnico.staysafe.dgs.client.SnifferJoinIT.nameTooSmallTest  Time elapsed: 0.001 s  <<< ERROR!
java.lang.NullPointerException
	at pt.tecnico.staysafe.dgs.client.SnifferJoinIT.setUp(SnifferJoinIT.java:43)

