<?xml version="1.0" encoding="UTF-8"?>
<testsuite xmlns:xsi="http://www.w3.org/2001/XMLSchema-instance" xsi:noNamespaceSchemaLocation="https://maven.apache.org/surefire/maven-failsafe-plugin/xsd/failsafe-test-report-3.0.xsd" version="3.0" name="pt.tecnico.staysafe.dgs.client.AggregateIT" time="0.009" tests="3" errors="3" skipped="0" failures="0">
  <properties>
[...]
</properties>
  <testcase name="aggregateMeanDevOKTest" classname="pt.tecnico.staysafe.dgs.client.AggregateIT" time="0.001">
    <error type="java.lang.NullPointerException"><![CDATA[java.lang.NullPointerException
	at pt.tecnico.staysafe.dgs.client.AggregateIT.setUp(AggregateIT.java:85)
]]></error>
    <system-out><![CDATA[Test properties:
{server.host=${server.host}, server.path=/grpc/staysafe/dgs/1, server.port=${server.port}}
Caught exception with description: close
]]></system-out>
  </testcase>
  <testcase name="aggregatePercentilesOKTest" classname="pt.tecnico.staysafe.dgs.client.AggregateIT" time="0.001">
    <error type="java.lang.NullPointerException"><![CDATA[java.lang.NullPointerException
	at pt.tecnico.staysafe.dgs.client.AggregateIT.setUp(AggregateIT.java:85)
]]></error>
  </testcase>
  <testcase name="invalidCommandTest" classname="pt.tecnico.staysafe.dgs.client.AggregateIT" time="0.001">
    <error type="java.lang.NullPointerException"><![CDATA[java.lang.NullPointerException
	at pt.tecnico.staysafe.dgs.client.AggregateIT.setUp(AggregateIT.java:85)
]]></error>
  </testcase>
</testsuite>